# JRE version: Java(TM) SE Runtime Environment (8.0_101-b13) (build 1.8.0_101-b13)
# Java VM: Java HotSpot(TM) 64-Bit Server VM (25.101-b13 mixed mode linux-amd64 compressed oops)
Heap:
 PSYoungGen      total 382976K, used 76790K [0x0000000791c00000, 0x00000007b0680000, 0x00000007c0000000)
  eden space 306176K, 0% used [0x0000000791c00000,0x0000000791c00000,0x00000007a4700000)
  from space 76800K, 99% used [0x00000007a4700000,0x00000007a91fdbd0,0x00000007a9200000)
  to   space 32256K, 0% used [0x00000007a9200000,0x00000007a9200000,0x00000007ab180000)
 ParOldGen       total 301568K, used 164229K [0x0000000735400000, 0x0000000747a80000, 0x0000000791c00000)
  object space 301568K, 54% used [0x0000000735400000,0x000000073f461570,0x0000000747a80000)
 Metaspace       used 29360K, capacity 30242K, committed 30464K, reserved 1077248K
  class space    used 3285K, capacity 3524K, committed 3584K, reserved 1048576K
GC Heap History (10 events):
Event: 9.875 GC heap after
Heap after GC invocations=8 (full 1):
 PSYoungGen      total 284160K, used 18532K [0x0000000791c00000, 0x00000007a4d00000, 0x00000007c0000000)
  eden space 265216K, 0% used [0x0000000791c00000,0x0000000791c00000,0x00000007a1f00000)
  from space 18944K, 97% used [0x00000007a3100000,0x00000007a43192e0,0x00000007a4380000)
  to   space 9728K, 0% used [0x00000007a4380000,0x00000007a4380000,0x00000007a4d00000)
 ParOldGen       total 102400K, used 28914K [0x0000000735400000, 0x000000073b800000, 0x0000000791c00000)
  object space 102400K, 28% used [0x0000000735400000,0x000000073703cbe8,0x000000073b800000)
 Metaspace       used 28234K, capacity 29148K, committed 29312K, reserved 1075200K
  class space    used 3198K, capacity 3420K, committed 3456K, reserved 1048576K
}
Event: 10.688 GC heap before
{Heap before GC invocations=9 (full 1):
 PSYoungGen      total 284160K, used 283748K [0x0000000791c00000, 0x00000007a4d00000, 0x00000007c0000000)
  eden space 265216K, 100% used [0x0000000791c00000,0x00000007a1f00000,0x00000007a1f00000)
  from space 18944K, 97% used [0x00000007a3100000,0x00000007a43192e0,0x00000007a4380000)
  to   space 9728K, 0% used [0x00000007a4380000,0x00000007a4380000,0x00000007a4d00000)
 ParOldGen       total 102400K, used 28914K [0x0000000735400000, 0x000000073b800000, 0x0000000791c00000)
  object space 102400K, 28% used [0x0000000735400000,0x000000073703cbe8,0x000000073b800000)
 Metaspace       used 28514K, capacity 29468K, committed 29696K, reserved 1075200K
  class space    used 3219K, capacity 3484K, committed 3584K, reserved 1048576K
Event: 10.723 GC heap after
Heap after GC invocations=9 (full 1):
 PSYoungGen      total 289280K, used 9705K [0x0000000791c00000, 0x00000007ab300000, 0x00000007c0000000)
  eden space 279552K, 0% used [0x0000000791c00000,0x0000000791c00000,0x00000007a2d00000)
  from space 9728K, 99% used [0x00000007a4380000,0x00000007a4cfa540,0x00000007a4d00000)
  to   space 23040K, 0% used [0x00000007a2d00000,0x00000007a2d00000,0x00000007a4380000)
 ParOldGen       total 102400K, used 33547K [0x0000000735400000, 0x000000073b800000, 0x0000000791c00000)
  object space 102400K, 32% used [0x0000000735400000,0x00000007374c2d40,0x000000073b800000)
 Metaspace       used 28514K, capacity 29468K, committed 29696K, reserved 1075200K
  class space    used 3219K, capacity 3484K, committed 3584K, reserved 1048576K
}
Event: 12.235 GC heap before
{Heap before GC invocations=10 (full 1):
 PSYoungGen      total 289280K, used 289257K [0x0000000791c00000, 0x00000007ab300000, 0x00000007c0000000)
  eden space 279552K, 100% used [0x0000000791c00000,0x00000007a2d00000,0x00000007a2d00000)
  from space 9728K, 99% used [0x00000007a4380000,0x00000007a4cfa540,0x00000007a4d00000)
  to   space 23040K, 0% used [0x00000007a2d00000,0x00000007a2d00000,0x00000007a4380000)
 ParOldGen       total 102400K, used 33547K [0x0000000735400000, 0x000000073b800000, 0x0000000791c00000)
  object space 102400K, 32% used [0x0000000735400000,0x00000007374c2fe0,0x000000073b800000)
 Metaspace       used 29261K, capacity 30132K, committed 30464K, reserved 1077248K
  class space    used 3281K, capacity 3526K, committed 3584K, reserved 1048576K
Event: 12.295 GC heap after
Heap after GC invocations=10 (full 1):
 PSYoungGen      total 302592K, used 23014K [0x0000000791c00000, 0x00000007ab180000, 0x00000007c0000000)
  eden space 279552K, 0% used [0x0000000791c00000,0x0000000791c00000,0x00000007a2d00000)
  from space 23040K, 99% used [0x00000007a2d00000,0x00000007a4379bf8,0x00000007a4380000)
  to   space 32256K, 0% used [0x00000007a9200000,0x00000007a9200000,0x00000007ab180000)
 ParOldGen       total 102400K, used 48905K [0x0000000735400000, 0x000000073b800000, 0x0000000791c00000)
  object space 102400K, 47% used [0x0000000735400000,0x00000007383c26b8,0x000000073b800000)
 Metaspace       used 29261K, capacity 30132K, committed 30464K, reserved 1077248K
  class space    used 3281K, capacity 3526K, committed 3584K, reserved 1048576K
}
Event: 17.476 GC heap before
{Heap before GC invocations=11 (full 1):
 PSYoungGen      total 302592K, used 302566K [0x0000000791c00000, 0x00000007ab180000, 0x00000007c0000000)
  eden space 279552K, 100% used [0x0000000791c00000,0x00000007a2d00000,0x00000007a2d00000)
  from space 23040K, 99% used [0x00000007a2d00000,0x00000007a4379bf8,0x00000007a4380000)
  to   space 32256K, 0% used [0x00000007a9200000,0x00000007a9200000,0x00000007ab180000)
 ParOldGen       total 102400K, used 48913K [0x0000000735400000, 0x000000073b800000, 0x0000000791c00000)
  object space 102400K, 47% used [0x0000000735400000,0x00000007383c4418,0x000000073b800000)
 Metaspace       used 29292K, capacity 30196K, committed 30464K, reserved 1077248K
  class space    used 3283K, capacity 3526K, committed 3584K, reserved 1048576K
Event: 17.591 GC heap after
Heap after GC invocations=11 (full 1):
 PSYoungGen      total 338432K, used 32230K [0x0000000791c00000, 0x00000007b0680000, 0x00000007c0000000)
  eden space 306176K, 0% used [0x0000000791c00000,0x0000000791c00000,0x00000007a4700000)
  from space 32256K, 99% used [0x00000007a9200000,0x00000007ab179890,0x00000007ab180000)
  to   space 76800K, 0% used [0x00000007a4700000,0x00000007a4700000,0x00000007a9200000)
 ParOldGen       total 156672K, used 156646K [0x0000000735400000, 0x000000073ed00000, 0x0000000791c00000)
  object space 156672K, 99% used [0x0000000735400000,0x000000073ecf9a50,0x000000073ed00000)
 Metaspace       used 29292K, capacity 30196K, committed 30464K, reserved 1077248K
  class space    used 3283K, capacity 3526K, committed 3584K, reserved 1048576K
}
Event: 17.591 GC heap before
{Heap before GC invocations=12 (full 2):
 PSYoungGen      total 338432K, used 32230K [0x0000000791c00000, 0x00000007b0680000, 0x00000007c0000000)
  eden space 306176K, 0% used [0x0000000791c00000,0x0000000791c00000,0x00000007a4700000)
  from space 32256K, 99% used [0x00000007a9200000,0x00000007ab179890,0x00000007ab180000)
  to   space 76800K, 0% used [0x00000007a4700000,0x00000007a4700000,0x00000007a9200000)
 ParOldGen       total 156672K, used 156646K [0x0000000735400000, 0x000000073ed00000, 0x0000000791c00000)
  object space 156672K, 99% used [0x0000000735400000,0x000000073ecf9a50,0x000000073ed00000)
 Metaspace       used 29292K, capacity 30196K, committed 30464K, reserved 1077248K
  class space    used 3283K, capacity 3526K, committed 3584K, reserved 1048576K
Event: 18.072 GC heap after
Heap after GC invocations=12 (full 2):
 PSYoungGen      total 338432K, used 16919K [0x0000000791c00000, 0x00000007b0680000, 0x00000007c0000000)
  eden space 306176K, 0% used [0x0000000791c00000,0x0000000791c00000,0x00000007a4700000)
  from space 32256K, 52% used [0x00000007a9200000,0x00000007aa285e90,0x00000007ab180000)
  to   space 76800K, 0% used [0x00000007a4700000,0x00000007a4700000,0x00000007a9200000)
 ParOldGen       total 301568K, used 156512K [0x0000000735400000, 0x0000000747a80000, 0x0000000791c00000)
  object space 301568K, 51% used [0x0000000735400000,0x000000073ecd8158,0x0000000747a80000)
 Metaspace       used 29277K, capacity 30178K, committed 30464K, reserved 1077248K
  class space    used 3281K, capacity 3524K, committed 3584K, reserved 1048576K
}
Event: 28.967 GC heap before
{Heap before GC invocations=13 (full 2):
 PSYoungGen      total 338432K, used 228753K [0x0000000791c00000, 0x00000007b0680000, 0x00000007c0000000)
  eden space 306176K, 69% used [0x0000000791c00000,0x000000079eade898,0x00000007a4700000)
  from space 32256K, 52% used [0x00000007a9200000,0x00000007aa285e90,0x00000007ab180000)
  to   space 76800K, 0% used [0x00000007a4700000,0x00000007a4700000,0x00000007a9200000)
 ParOldGen       total 301568K, used 156512K [0x0000000735400000, 0x0000000747a80000, 0x0000000791c00000)
  object space 301568K, 51% used [0x0000000735400000,0x000000073ecd8158,0x0000000747a80000)
 Metaspace       used 29360K, capacity 30242K, committed 30464K, reserved 1077248K
  class space    used 3285K, capacity 3524K, committed 3584K, reserved 1048576K

